2018-06-27 16:46:15 [scrapy.utils.log] INFO: Scrapy 1.5.0 started (bot: zhilianproject)
2018-06-27 16:46:15 [scrapy.utils.log] INFO: Versions: lxml 3.5.0.0, libxml2 2.9.3, cssselect 1.0.3, parsel 1.4.0, w3lib 1.19.0, Twisted 18.4.0, Python 3.5.2 (default, Nov 23 2017, 16:37:01) - [GCC 5.4.0 20160609], pyOpenSSL 18.0.0 (OpenSSL 1.1.0h  27 Mar 2018), cryptography 2.2.2, Platform Linux-4.13.0-45-generic-x86_64-with-Ubuntu-16.04-xenial
2018-06-27 16:46:15 [scrapy.crawler] INFO: Overridden settings: {'NEWSPIDER_MODULE': 'zhilianproject.spiders', 'ROBOTSTXT_OBEY': True, 'LOG_FILE': 'logs/zhilianproject/zhilian/8c0b411e79e611e8ae2a080027272c30.log', 'BOT_NAME': 'zhilianproject', 'SPIDER_MODULES': ['zhilianproject.spiders']}
2018-06-27 16:46:15 [scrapy.middleware] INFO: Enabled extensions:
['scrapy.extensions.logstats.LogStats',
 'scrapy.extensions.corestats.CoreStats',
 'scrapy.extensions.telnet.TelnetConsole',
 'scrapy.extensions.memusage.MemoryUsage']
2018-06-27 16:46:15 [twisted] CRITICAL: Unhandled error in Deferred:
2018-06-27 16:46:15 [twisted] CRITICAL: 
Traceback (most recent call last):
  File "/usr/local/lib/python3.5/dist-packages/twisted/internet/defer.py", line 1386, in _inlineCallbacks
    result = g.send(result)
  File "/usr/local/lib/python3.5/dist-packages/scrapy/crawler.py", line 80, in crawl
    self.engine = self._create_engine()
  File "/usr/local/lib/python3.5/dist-packages/scrapy/crawler.py", line 105, in _create_engine
    return ExecutionEngine(self, lambda _: self.stop())
  File "/usr/local/lib/python3.5/dist-packages/scrapy/core/engine.py", line 69, in __init__
    self.downloader = downloader_cls(crawler)
  File "/usr/local/lib/python3.5/dist-packages/scrapy/core/downloader/__init__.py", line 88, in __init__
    self.middleware = DownloaderMiddlewareManager.from_crawler(crawler)
  File "/usr/local/lib/python3.5/dist-packages/scrapy/middleware.py", line 58, in from_crawler
    return cls.from_settings(crawler.settings, crawler)
  File "/usr/local/lib/python3.5/dist-packages/scrapy/middleware.py", line 40, in from_settings
    mw = mwcls()
TypeError: __init__() missing 1 required positional argument: 'proxies'
